TN:
SF:src/entity/order.ts
FN:17,validate
FN:45,total
FN:9,Order
FNF:3
FNH:3
FNDA:10,validate
FNDA:2,total
FNDA:10,Order
DA:1,1
DA:2,1
DA:3,1
DA:4,1
DA:5,1
DA:6,1
DA:7,1
DA:8,1
DA:9,1
DA:10,10
DA:11,10
DA:12,10
DA:13,10
DA:14,10
DA:15,10
DA:16,1
DA:17,1
DA:18,10
DA:19,1
DA:20,1
DA:21,10
DA:22,1
DA:23,1
DA:24,10
DA:25,1
DA:26,1
DA:27,7
DA:28,8
DA:29,1
DA:30,1
DA:31,8
DA:32,1
DA:33,1
DA:34,8
DA:35,2
DA:36,2
DA:37,8
DA:38,2
DA:39,2
DA:40,8
DA:41,7
DA:42,7
DA:43,7
DA:44,1
DA:45,1
DA:46,2
DA:47,2
DA:48,1
LF:48
LH:48
BRDA:17,0,0,10
BRDA:18,1,0,1
BRDA:20,2,0,9
BRDA:21,3,0,1
BRDA:23,4,0,8
BRDA:24,5,0,1
BRDA:26,6,0,7
BRDA:27,7,0,8
BRDA:28,8,0,1
BRDA:30,9,0,7
BRDA:31,10,0,1
BRDA:33,11,0,6
BRDA:34,12,0,2
BRDA:36,13,0,4
BRDA:37,14,0,2
BRDA:45,15,0,2
BRDA:46,16,0,4
BRDA:9,17,0,10
BRF:18
BRH:18
end_of_record
TN:
SF:src/entity/order_item.ts
FN:7,OrderItem
FNF:1
FNH:1
FNDA:8,OrderItem
DA:1,1
DA:2,1
DA:3,1
DA:4,1
DA:5,1
DA:6,1
DA:7,1
DA:8,8
DA:9,8
DA:10,8
DA:11,8
DA:12,8
DA:13,1
LF:13
LH:13
BRDA:7,0,0,8
BRF:1
BRH:1
end_of_record
