TN:
SF:src/entity/address.ts
FN:15,validate
FN:30,toString
FN:7,Address
FNF:3
FNH:2
FNDA:2,validate
FNDA:0,toString
FNDA:2,Address
DA:1,1
DA:2,1
DA:3,1
DA:4,1
DA:5,1
DA:6,1
DA:7,1
DA:8,2
DA:9,2
DA:10,2
DA:11,2
DA:12,2
DA:13,2
DA:14,1
DA:15,1
DA:16,2
DA:17,0
DA:18,0
DA:19,2
DA:20,0
DA:21,0
DA:22,2
DA:23,0
DA:24,0
DA:25,2
DA:26,0
DA:27,0
DA:28,2
DA:29,1
DA:30,1
DA:31,0
DA:32,0
DA:33,1
LF:33
LH:23
BRDA:15,0,0,2
BRDA:16,1,0,0
BRDA:19,2,0,0
BRDA:22,3,0,0
BRDA:25,4,0,0
BRDA:7,5,0,2
BRF:6
BRH:2
end_of_record
TN:
SF:src/entity/customer.ts
FN:16,get id
FN:20,get name
FN:24,get rewardPoints
FN:28,validate
FN:37,changeName
FN:42,get Address
FN:46,changeAddress
FN:50,isActive
FN:54,activate
FN:61,deactivate
FN:65,addRewardPoints
FN:69,set Address
FN:10,Customer
FNF:13
FNH:12
FNDA:0,get id
FNDA:1,get name
FNDA:3,get rewardPoints
FNDA:9,validate
FNDA:1,changeName
FNDA:1,get Address
FNDA:1,changeAddress
FNDA:2,isActive
FNDA:2,activate
FNDA:1,deactivate
FNDA:2,addRewardPoints
FNDA:1,set Address
FNDA:8,Customer
DA:1,1
DA:2,1
DA:3,1
DA:4,1
DA:5,1
DA:6,1
DA:7,1
DA:8,1
DA:9,1
DA:10,1
DA:11,8
DA:12,8
DA:13,8
DA:14,8
DA:15,1
DA:16,1
DA:17,0
DA:18,0
DA:19,1
DA:20,1
DA:21,1
DA:22,1
DA:23,1
DA:24,1
DA:25,3
DA:26,3
DA:27,1
DA:28,1
DA:29,9
DA:30,1
DA:31,1
DA:32,9
DA:33,1
DA:34,1
DA:35,9
DA:36,1
DA:37,1
DA:38,1
DA:39,1
DA:40,1
DA:41,1
DA:42,1
DA:43,1
DA:44,1
DA:45,1
DA:46,1
DA:47,1
DA:48,1
DA:49,1
DA:50,1
DA:51,2
DA:52,2
DA:53,1
DA:54,1
DA:55,2
DA:56,1
DA:57,1
DA:58,1
DA:59,1
DA:60,1
DA:61,1
DA:62,1
DA:63,1
DA:64,1
DA:65,1
DA:66,2
DA:67,2
DA:68,1
DA:69,1
DA:70,1
DA:71,1
DA:72,1
LF:72
LH:70
BRDA:20,0,0,1
BRDA:24,1,0,3
BRDA:28,2,0,9
BRDA:29,3,0,1
BRDA:31,4,0,8
BRDA:32,5,0,1
BRDA:37,6,0,1
BRDA:42,7,0,1
BRDA:46,8,0,1
BRDA:50,9,0,2
BRDA:54,10,0,2
BRDA:55,11,0,1
BRDA:61,12,0,1
BRDA:65,13,0,2
BRDA:69,14,0,1
BRDA:10,15,0,8
BRF:16
BRH:16
end_of_record
